This is pdfTeX, Version 3.14159265-2.6-1.40.20 (TeX Live 2019) (preloaded format=pdflatex 2019.10.21)  7 FEB 2020 13:11
entering extended mode
 restricted \write18 enabled.
 %&-line parsing enabled.
**skeleton.tex
(./skeleton.tex
LaTeX2e <2019-10-01> patch level 1
(/home/claudio/.TinyTeX/texmf-dist/tex/latex/base/article.cls
Document Class: article 2019/08/27 v1.4j Standard LaTeX document class
(/home/claudio/.TinyTeX/texmf-dist/tex/latex/base/size11.clo
File: size11.clo 2019/08/27 v1.4j Standard LaTeX file (size option)
)
\c@part=\count80
\c@section=\count81
\c@subsection=\count82
\c@subsubsection=\count83
\c@paragraph=\count84
\c@subparagraph=\count85
\c@figure=\count86
\c@table=\count87
\abovecaptionskip=\skip41
\belowcaptionskip=\skip42
\bibindent=\dimen102
) (/home/claudio/.TinyTeX/texmf-dist/tex/latex/geometry/geometry.sty
Package: geometry 2018/04/16 v5.8 Page Geometry
(/home/claudio/.TinyTeX/texmf-dist/tex/latex/graphics/keyval.sty
Package: keyval 2014/10/28 v1.15 key=value parser (DPC)
\KV@toks@=\toks14
) (/home/claudio/.TinyTeX/texmf-dist/tex/generic/oberdiek/ifpdf.sty
Package: ifpdf 2018/09/07 v3.3 Provides the ifpdf switch
) (/home/claudio/.TinyTeX/texmf-dist/tex/generic/oberdiek/ifvtex.sty
Package: ifvtex 2016/05/16 v1.6 Detect VTeX and its facilities (HO)
Package ifvtex Info: VTeX not detected.
) (/home/claudio/.TinyTeX/texmf-dist/tex/generic/ifxetex/ifxetex.sty
Package: ifxetex 2010/09/12 v0.6 Provides ifxetex conditional
)
\Gm@cnth=\count88
\Gm@cntv=\count89
\c@Gm@tempcnt=\count90
\Gm@bindingoffset=\dimen103
\Gm@wd@mp=\dimen104
\Gm@odd@mp=\dimen105
\Gm@even@mp=\dimen106
\Gm@layoutwidth=\dimen107
\Gm@layoutheight=\dimen108
\Gm@layouthoffset=\dimen109
\Gm@layoutvoffset=\dimen110
\Gm@dimlist=\toks15
) (/home/claudio/.TinyTeX/texmf-dist/tex/latex/psnfss/mathpazo.sty
Package: mathpazo 2005/04/12 PSNFSS-v9.2a Palatino w/ Pazo Math (D.Puga, WaS) 
\symupright=\mathgroup4
) (/home/claudio/.TinyTeX/texmf-dist/tex/latex/amsmath/amsmath.sty
Package: amsmath 2019/04/01 v2.17c AMS math features
\@mathmargin=\skip43
For additional information on amsmath, use the `?' option.
(/home/claudio/.TinyTeX/texmf-dist/tex/latex/amsmath/amstext.sty
Package: amstext 2000/06/29 v2.01 AMS text
(/home/claudio/.TinyTeX/texmf-dist/tex/latex/amsmath/amsgen.sty
File: amsgen.sty 1999/11/30 v2.0 generic functions
\@emptytoks=\toks16
\ex@=\dimen111
)) (/home/claudio/.TinyTeX/texmf-dist/tex/latex/amsmath/amsbsy.sty
Package: amsbsy 1999/11/29 v1.2d Bold Symbols
\pmbraise@=\dimen112
) (/home/claudio/.TinyTeX/texmf-dist/tex/latex/amsmath/amsopn.sty
Package: amsopn 2016/03/08 v2.02 operator names
)
\inf@bad=\count91
LaTeX Info: Redefining \frac on input line 227.
\uproot@=\count92
\leftroot@=\count93
LaTeX Info: Redefining \overline on input line 389.
\classnum@=\count94
\DOTSCASE@=\count95
LaTeX Info: Redefining \ldots on input line 486.
LaTeX Info: Redefining \dots on input line 489.
LaTeX Info: Redefining \cdots on input line 610.
\Mathstrutbox@=\box27
\strutbox@=\box28
\big@size=\dimen113
LaTeX Font Info:    Redeclaring font encoding OML on input line 733.
LaTeX Font Info:    Redeclaring font encoding OMS on input line 734.
\macc@depth=\count96
\c@MaxMatrixCols=\count97
\dotsspace@=\muskip10
\c@parentequation=\count98
\dspbrk@lvl=\count99
\tag@help=\toks17
\row@=\count100
\column@=\count101
\maxfields@=\count102
\andhelp@=\toks18
\eqnshift@=\dimen114
\alignsep@=\dimen115
\tagshift@=\dimen116
\tagwidth@=\dimen117
\totwidth@=\dimen118
\lineht@=\dimen119
\@envbody=\toks19
\multlinegap=\skip44
\multlinetaggap=\skip45
\mathdisplay@stack=\toks20
LaTeX Info: Redefining \[ on input line 2855.
LaTeX Info: Redefining \] on input line 2856.
) (/home/claudio/.TinyTeX/texmf-dist/tex/latex/graphics/graphicx.sty
Package: graphicx 2017/06/01 v1.1a Enhanced LaTeX Graphics (DPC,SPQR)
(/home/claudio/.TinyTeX/texmf-dist/tex/latex/graphics/graphics.sty
Package: graphics 2019/10/08 v1.3c Standard LaTeX Graphics (DPC,SPQR)
(/home/claudio/.TinyTeX/texmf-dist/tex/latex/graphics/trig.sty
Package: trig 2016/01/03 v1.10 sin cos tan (DPC)
) (/home/claudio/.TinyTeX/texmf-dist/tex/latex/graphics-cfg/graphics.cfg
File: graphics.cfg 2016/06/04 v1.11 sample graphics configuration
)
Package graphics Info: Driver file: pdftex.def on input line 105.
(/home/claudio/.TinyTeX/texmf-dist/tex/latex/graphics-def/pdftex.def
File: pdftex.def 2018/01/08 v1.0l Graphics/color driver for pdftex
))
\Gin@req@height=\dimen120
\Gin@req@width=\dimen121
) (/home/claudio/.TinyTeX/texmf-dist/tex/latex/float/float.sty
Package: float 2001/11/08 v1.3d Float enhancements (AL)
\c@float@type=\count103
\float@exts=\toks21
\float@box=\box29
\@float@everytoks=\toks22
\@floatcapt=\box30
) (/home/claudio/.TinyTeX/texmf-dist/tex/latex/base/fontenc.sty
Package: fontenc 2018/08/11 v2.0j Standard LaTeX package
(/home/claudio/.TinyTeX/texmf-dist/tex/latex/base/t1enc.def
File: t1enc.def 2018/08/11 v2.0j Standard LaTeX file
LaTeX Font Info:    Redeclaring font encoding T1 on input line 48.
)) (/home/claudio/.TinyTeX/texmf-dist/tex/latex/base/inputenc.sty
Package: inputenc 2018/08/11 v1.3c Input encoding file
\inpenc@prehook=\toks23
\inpenc@posthook=\toks24
) (/home/claudio/.TinyTeX/texmf-dist/tex/latex/abstract/abstract.sty
Package: abstract 2009/06/08 v1.2a configurable abstracts
\abstitleskip=\skip46
\absleftindent=\skip47
\absrightindent=\skip48
\absparindent=\skip49
\absparsep=\skip50
) (/home/claudio/.TinyTeX/texmf-dist/tex/latex/graphics/color.sty
Package: color 2016/07/10 v1.1e Standard LaTeX Color (DPC)
(/home/claudio/.TinyTeX/texmf-dist/tex/latex/graphics-cfg/color.cfg
File: color.cfg 2016/01/02 v1.6 sample color configuration
)
Package color Info: Driver file: pdftex.def on input line 147.
) (/home/claudio/.TinyTeX/texmf-dist/tex/latex/fancyvrb/fancyvrb.sty
Package: fancyvrb 2019/01/15
Style option: `fancyvrb' v3.2a <2019/01/15> (tvz)
\FV@CodeLineNo=\count104
\FV@InFile=\read1
\FV@TabBox=\box31
\c@FancyVerbLine=\count105
\FV@StepNumber=\count106
\FV@OutFile=\write3
) (/home/claudio/.TinyTeX/texmf-dist/tex/latex/framed/framed.sty
Package: framed 2011/10/22 v 0.96: framed or shaded text with page breaks
\OuterFrameSep=\skip51
\fb@frw=\dimen122
\fb@frh=\dimen123
\FrameRule=\dimen124
\FrameSep=\dimen125
) (/home/claudio/.TinyTeX/texmf-dist/tex/latex/tools/longtable.sty
Package: longtable 2019/02/06 v4.12 Multi-page Table package (DPC)
\LTleft=\skip52
\LTright=\skip53
\LTpre=\skip54
\LTpost=\skip55
\LTchunksize=\count107
\LTcapwidth=\dimen126
\LT@head=\box32
\LT@firsthead=\box33
\LT@foot=\box34
\LT@lastfoot=\box35
\LT@cols=\count108
\LT@rows=\count109
\c@LT@tables=\count110
\c@LT@chunks=\count111
\LT@p@ftn=\toks25
) (/home/claudio/.TinyTeX/texmf-dist/tex/latex/booktabs/booktabs.sty
Package: booktabs 2019/10/08 v1.6180339 publication quality tables
\heavyrulewidth=\dimen127
\lightrulewidth=\dimen128
\cmidrulewidth=\dimen129
\belowrulesep=\dimen130
\belowbottomsep=\dimen131
\aboverulesep=\dimen132
\abovetopsep=\dimen133
\cmidrulesep=\dimen134
\cmidrulekern=\dimen135
\defaultaddspace=\dimen136
\@cmidla=\count112
\@cmidlb=\count113
\@aboverulesep=\dimen137
\@belowrulesep=\dimen138
\@thisruleclass=\count114
\@lastruleclass=\count115
\@thisrulewidth=\dimen139
) (/home/claudio/.TinyTeX/texmf-dist/tex/latex/oberdiek/grffile.sty
Package: grffile 2017/06/30 v1.18 Extended file name support for graphics (HO)
(/home/claudio/.TinyTeX/texmf-dist/tex/latex/oberdiek/kvoptions.sty
Package: kvoptions 2016/05/16 v3.12 Key value format for package options (HO)
(/home/claudio/.TinyTeX/texmf-dist/tex/generic/oberdiek/ltxcmds.sty
Package: ltxcmds 2016/05/16 v1.23 LaTeX kernel commands for general use (HO)
) (/home/claudio/.TinyTeX/texmf-dist/tex/generic/oberdiek/kvsetkeys.sty
Package: kvsetkeys 2016/05/16 v1.17 Key value parser (HO)
(/home/claudio/.TinyTeX/texmf-dist/tex/generic/oberdiek/infwarerr.sty
Package: infwarerr 2016/05/16 v1.4 Providing info/warning/error messages (HO)
) (/home/claudio/.TinyTeX/texmf-dist/tex/generic/oberdiek/etexcmds.sty
Package: etexcmds 2016/05/16 v1.6 Avoid name clashes with e-TeX commands (HO)
(/home/claudio/.TinyTeX/texmf-dist/tex/generic/oberdiek/ifluatex.sty
Package: ifluatex 2016/05/16 v1.4 Provides the ifluatex switch (HO)
Package ifluatex Info: LuaTeX not detected.
)))) (/home/claudio/.TinyTeX/texmf-dist/tex/generic/oberdiek/pdftexcmds.sty
Package: pdftexcmds 2019/07/25 v0.30 Utility functions of pdfTeX for LuaTeX (HO
)
Package pdftexcmds Info: LuaTeX not detected.
Package pdftexcmds Info: \pdf@primitive is available.
Package pdftexcmds Info: \pdf@ifprimitive is available.
Package pdftexcmds Info: \pdfdraftmode found.
)
Package grffile Info: Option `multidot' is set to `true'.
Package grffile Info: Option `extendedchars' is set to `false'.
Package grffile Info: Option `space' is set to `true'.
Package grffile Info: \Gin@ii of package `graphicx' fixed on input line 494.
) (/home/claudio/.TinyTeX/texmf-dist/tex/latex/titlesec/titlesec.sty
Package: titlesec 2019/10/16 v2.13 Sectioning titles
\ttl@box=\box36
\beforetitleunit=\skip56
\aftertitleunit=\skip57
\ttl@plus=\dimen140
\ttl@minus=\dimen141
\ttl@toksa=\toks26
\titlewidth=\dimen142
\titlewidthlast=\dimen143
\titlewidthfirst=\dimen144
) (/home/claudio/.TinyTeX/texmf-dist/tex/latex/natbib/natbib.sty
Package: natbib 2010/09/13 8.31b (PWD, AO)
\bibhang=\skip58
\bibsep=\skip59
LaTeX Info: Redefining \cite on input line 694.
\c@NAT@ctr=\count116
) (/home/claudio/.TinyTeX/texmf-dist/tex/latex/underscore/underscore.sty
Package: underscore 2006/09/13
LaTeX Info: Redefining \_ on input line 42.
)
\c@hypothesis=\count117
(/home/claudio/.TinyTeX/texmf-dist/tex/latex/setspace/setspace.sty
Package: setspace 2011/12/19 v6.7a set line spacing
) (/home/claudio/.TinyTeX/texmf-dist/tex/latex/hyperref/hyperref.sty
Package: hyperref 2019/09/28 v7.00a Hypertext links for LaTeX
(/home/claudio/.TinyTeX/texmf-dist/tex/generic/oberdiek/hobsub-hyperref.sty
Package: hobsub-hyperref 2016/05/16 v1.14 Bundle oberdiek, subset hyperref (HO)

(/home/claudio/.TinyTeX/texmf-dist/tex/generic/oberdiek/hobsub-generic.sty
Package: hobsub-generic 2016/05/16 v1.14 Bundle oberdiek, subset generic (HO)
Package: hobsub 2016/05/16 v1.14 Construct package bundles (HO)
Package hobsub Info: Skipping package `infwarerr' (already loaded).
Package hobsub Info: Skipping package `ltxcmds' (already loaded).
Package hobsub Info: Skipping package `ifluatex' (already loaded).
Package hobsub Info: Skipping package `ifvtex' (already loaded).
Package: intcalc 2016/05/16 v1.2 Expandable calculations with integers (HO)
Package hobsub Info: Skipping package `ifpdf' (already loaded).
Package hobsub Info: Skipping package `etexcmds' (already loaded).
Package hobsub Info: Skipping package `kvsetkeys' (already loaded).
Package: kvdefinekeys 2016/05/16 v1.4 Define keys (HO)
Package hobsub Info: Skipping package `pdftexcmds' (already loaded).
Package: pdfescape 2016/05/16 v1.14 Implements pdfTeX's escape features (HO)
Package: bigintcalc 2016/05/16 v1.4 Expandable calculations on big integers (HO
)
Package: bitset 2016/05/16 v1.2 Handle bit-vector datatype (HO)
Package: uniquecounter 2016/05/16 v1.3 Provide unlimited unique counter (HO)
)
Package hobsub Info: Skipping package `hobsub' (already loaded).
Package: letltxmacro 2016/05/16 v1.5 Let assignment for LaTeX macros (HO)
Package: hopatch 2016/05/16 v1.3 Wrapper for package hooks (HO)
Package: xcolor-patch 2016/05/16 xcolor patch
Package: atveryend 2016/05/16 v1.9 Hooks at the very end of document (HO)
Package atveryend Info: \enddocument detected (standard20110627).
Package: atbegshi 2016/06/09 v1.18 At begin shipout hook (HO)
Package: refcount 2016/05/16 v3.5 Data extraction from label references (HO)
Package: hycolor 2016/05/16 v1.8 Color options for hyperref/bookmark (HO)
) (/home/claudio/.TinyTeX/texmf-dist/tex/latex/oberdiek/auxhook.sty
Package: auxhook 2016/05/16 v1.4 Hooks for auxiliary files (HO)
)
\@linkdim=\dimen145
\Hy@linkcounter=\count118
\Hy@pagecounter=\count119
(/home/claudio/.TinyTeX/texmf-dist/tex/latex/hyperref/pd1enc.def
File: pd1enc.def 2019/09/28 v7.00a Hyperref: PDFDocEncoding definition (HO)
Now handling font encoding PD1 ...
... no UTF-8 mapping file for font encoding PD1
)
\Hy@SavedSpaceFactor=\count120
(/home/claudio/.TinyTeX/texmf-dist/tex/latex/latexconfig/hyperref.cfg
File: hyperref.cfg 2002/06/06 v1.2 hyperref configuration of TeXLive
)
Package hyperref Info: Option `unicode' set `true' on input line 4414.
(/home/claudio/.TinyTeX/texmf-dist/tex/latex/hyperref/puenc.def
File: puenc.def 2019/09/28 v7.00a Hyperref: PDF Unicode definition (HO)
Now handling font encoding PU ...
... no UTF-8 mapping file for font encoding PU
)
Package hyperref Info: Hyper figures OFF on input line 4540.
Package hyperref Info: Link nesting OFF on input line 4545.
Package hyperref Info: Hyper index ON on input line 4548.
Package hyperref Info: Plain pages OFF on input line 4555.
Package hyperref Info: Backreferencing OFF on input line 4560.
Package hyperref Info: Implicit mode ON; LaTeX internals redefined.
Package hyperref Info: Bookmarks ON on input line 4793.
\c@Hy@tempcnt=\count121
(/home/claudio/.TinyTeX/texmf-dist/tex/latex/url/url.sty
\Urlmuskip=\muskip11
Package: url 2013/09/16  ver 3.4  Verb mode for urls, etc.
)
LaTeX Info: Redefining \url on input line 5152.
\XeTeXLinkMargin=\dimen146
\Fld@menulength=\count122
\Field@Width=\dimen147
\Fld@charsize=\dimen148
Package hyperref Info: Hyper figures OFF on input line 6423.
Package hyperref Info: Link nesting OFF on input line 6428.
Package hyperref Info: Hyper index ON on input line 6431.
Package hyperref Info: backreferencing OFF on input line 6438.
Package hyperref Info: Link coloring OFF on input line 6443.
Package hyperref Info: Link coloring with OCG OFF on input line 6448.
Package hyperref Info: PDF/A mode OFF on input line 6453.
LaTeX Info: Redefining \ref on input line 6493.
LaTeX Info: Redefining \pageref on input line 6497.
\Hy@abspage=\count123
\c@Item=\count124
\c@Hfootnote=\count125
)
Package hyperref Info: Driver (autodetected): hpdftex.
(/home/claudio/.TinyTeX/texmf-dist/tex/latex/hyperref/hpdftex.def
File: hpdftex.def 2019/09/28 v7.00a Hyperref driver for pdfTeX
\Fld@listcount=\count126
\c@bookmark@seq@number=\count127
(/home/claudio/.TinyTeX/texmf-dist/tex/latex/oberdiek/rerunfilecheck.sty
Package: rerunfilecheck 2016/05/16 v1.8 Rerun checks for auxiliary files (HO)
Package uniquecounter Info: New unique counter `rerunfilecheck' on input line 2
82.
)
\Hy@SectionHShift=\skip60
)
Package hyperref Info: Option `breaklinks' set `true' on input line 146.

Package hyperref Warning: Option `bookmarks' has already been used,
(hyperref)                setting the option has no effect on input line 146.

Package hyperref Info: Option `colorlinks' set `true' on input line 146.
(/home/claudio/.TinyTeX/texmf-dist/tex/generic/babel/babel.sty
Package: babel 2019/10/15 3.35 The Babel package
(/home/claudio/.TinyTeX/texmf-dist/tex/generic/babel/switch.def
File: switch.def 2019/10/15 3.35 Babel switching mechanism
) (/home/claudio/.TinyTeX/texmf-dist/tex/generic/babel-english/english.ldf
Language: english 2017/06/06 v3.3r English support from the babel system
(/home/claudio/.TinyTeX/texmf-dist/tex/generic/babel/babel.def
File: babel.def 2019/10/15 3.35 Babel common definitions
\babel@savecnt=\count128
\U@D=\dimen149
(/home/claudio/.TinyTeX/texmf-dist/tex/generic/babel/txtbabel.def)
\bbl@dirlevel=\count129
)
\l@british = a dialect from \language\l@english 
\l@UKenglish = a dialect from \language\l@english 
\l@canadian = a dialect from \language\l@american 
\l@australian = a dialect from \language\l@british 
\l@newzealand = a dialect from \language\l@british 
)) (/home/claudio/.TinyTeX/texmf-dist/tex/latex/tools/array.sty
Package: array 2019/08/31 v2.4l Tabular extension package (FMi)
\col@sep=\dimen150
\ar@mcellbox=\box37
\extrarowheight=\dimen151
\NC@list=\toks27
\extratabsurround=\skip61
\backup@length=\skip62
\ar@cellbox=\box38
) (/home/claudio/.TinyTeX/texmf-dist/tex/latex/multirow/multirow.sty
Package: multirow 2019/05/31 v2.5 Span multiple rows of a table
\multirow@colwidth=\skip63
\multirow@cntb=\count130
\multirow@dima=\skip64
\bigstrutjot=\dimen152
) (/home/claudio/.TinyTeX/texmf-dist/tex/latex/xcolor/xcolor.sty
Package: xcolor 2016/05/11 v2.12 LaTeX color extensions (UK)
(/home/claudio/.TinyTeX/texmf-dist/tex/latex/graphics-cfg/color.cfg
File: color.cfg 2016/01/02 v1.6 sample color configuration
)
Package xcolor Info: Driver file: pdftex.def on input line 225.
(/home/claudio/.TinyTeX/texmf-dist/tex/latex/colortbl/colortbl.sty
Package: colortbl 2018/12/12 v1.0d Color table columns (DPC)
\everycr=\toks28
\minrowclearance=\skip65
)
LaTeX Info: Redefining \color on input line 709.
\rownum=\count131
Package xcolor Info: Model `cmy' substituted by `cmy0' on input line 1348.
Package xcolor Info: Model `hsb' substituted by `rgb' on input line 1352.
Package xcolor Info: Model `RGB' extended on input line 1364.
Package xcolor Info: Model `HTML' substituted by `rgb' on input line 1366.
Package xcolor Info: Model `Hsb' substituted by `hsb' on input line 1367.
Package xcolor Info: Model `tHsb' substituted by `hsb' on input line 1368.
Package xcolor Info: Model `HSB' substituted by `hsb' on input line 1369.
Package xcolor Info: Model `Gray' substituted by `gray' on input line 1370.
Package xcolor Info: Model `wave' substituted by `hsb' on input line 1371.
) (/home/claudio/.TinyTeX/texmf-dist/tex/latex/wrapfig/wrapfig.sty
\wrapoverhang=\dimen153
\WF@size=\dimen154
\c@WF@wrappedlines=\count132
\WF@box=\box39
\WF@everypar=\toks29
Package: wrapfig 2003/01/31  v 3.6
) (/home/claudio/.TinyTeX/texmf-dist/tex/latex/oberdiek/pdflscape.sty
Package: pdflscape 2016/05/14 v0.11 Display of landscape pages in PDF (HO)
(/home/claudio/.TinyTeX/texmf-dist/tex/latex/graphics/lscape.sty
Package: lscape 2000/10/22 v3.01 Landscape Pages (DPC)
)
Package pdflscape Info: Auto-detected driver: pdftex on input line 81.
) (/home/claudio/.TinyTeX/texmf-dist/tex/latex/tabu/tabu.sty
Package: tabu 2019/01/11 v2.9 - flexible LaTeX tabulars (FC+tabu-fixed)
(/home/claudio/.TinyTeX/texmf-dist/tex/latex/varwidth/varwidth.sty
Package: varwidth 2009/03/30 ver 0.92;  Variable-width minipages
\@vwid@box=\box40
\sift@deathcycles=\count133
\@vwid@loff=\dimen155
\@vwid@roff=\dimen156
)
\c@taburow=\count134
\tabu@nbcols=\count135
\tabu@cnt=\count136
\tabu@Xcol=\count137
\tabu@alloc=\count138
\tabu@nested=\count139
\tabu@target=\dimen157
\tabu@spreadtarget=\dimen158
\tabu@naturalX=\dimen159
\tabucolX=\dimen160
\tabu@Xsum=\dimen161
\extrarowdepth=\dimen162
\abovetabulinesep=\dimen163
\belowtabulinesep=\dimen164
\tabustrutrule=\dimen165
\tabu@thebody=\toks30
\tabu@footnotes=\toks31
\tabu@box=\box41
\tabu@arstrutbox=\box42
\tabu@hleads=\box43
\tabu@vleads=\box44
\tabu@cellskip=\skip66
) (/home/claudio/.TinyTeX/texmf-dist/tex/latex/threeparttable/threeparttable.st
y
Package: threeparttable 2003/06/13  v 3.0
\@tempboxb=\box45
)
(/home/claudio/.TinyTeX/texmf-dist/tex/latex/threeparttablex/threeparttablex.st
y
Package: threeparttablex 2013/07/23 v0.3 by daleif
(/home/claudio/.TinyTeX/texmf-dist/tex/latex/environ/environ.sty
Package: environ 2014/05/04 v0.3 A new way to define environments
(/home/claudio/.TinyTeX/texmf-dist/tex/latex/trimspaces/trimspaces.sty
Package: trimspaces 2009/09/17 v1.1 Trim spaces around a token list
))
\TPTL@width=\skip67
) (/home/claudio/.TinyTeX/texmf-dist/tex/generic/ulem/ulem.sty
\UL@box=\box46
\UL@hyphenbox=\box47
\UL@skip=\skip68
\UL@hook=\toks32
\UL@height=\dimen166
\UL@pe=\count140
\UL@pixel=\dimen167
\ULC@box=\box48
Package: ulem 2012/05/18
\ULdepth=\dimen168
) (/home/claudio/.TinyTeX/texmf-dist/tex/latex/makecell/makecell.sty
Package: makecell 2009/08/03 V0.1e Managing of Tab Column Heads and Cells
\rotheadsize=\dimen169
\c@nlinenum=\count141
\TeXr@lab=\toks33
) (./skeleton.aux)
\openout1 = `skeleton.aux'.

LaTeX Font Info:    Checking defaults for OML/cmm/m/it on input line 175.
LaTeX Font Info:    ... okay on input line 175.
LaTeX Font Info:    Checking defaults for T1/cmr/m/n on input line 175.
LaTeX Font Info:    ... okay on input line 175.
LaTeX Font Info:    Checking defaults for OT1/cmr/m/n on input line 175.
LaTeX Font Info:    ... okay on input line 175.
LaTeX Font Info:    Checking defaults for OMS/cmsy/m/n on input line 175.
LaTeX Font Info:    ... okay on input line 175.
LaTeX Font Info:    Checking defaults for OMX/cmex/m/n on input line 175.
LaTeX Font Info:    ... okay on input line 175.
LaTeX Font Info:    Checking defaults for U/cmr/m/n on input line 175.
LaTeX Font Info:    ... okay on input line 175.
LaTeX Font Info:    Checking defaults for PD1/pdf/m/n on input line 175.
LaTeX Font Info:    ... okay on input line 175.
LaTeX Font Info:    Checking defaults for PU/pdf/m/n on input line 175.
LaTeX Font Info:    ... okay on input line 175.
LaTeX Font Info:    Trying to load font information for T1+ppl on input line 17
5.
(/home/claudio/.TinyTeX/texmf-dist/tex/latex/psnfss/t1ppl.fd
File: t1ppl.fd 2001/06/04 font definitions for T1/ppl.
)
*geometry* driver: auto-detecting
*geometry* detected driver: pdftex
*geometry* verbose mode - [ preamble ] result:
* driver: pdftex
* paper: <default>
* layout: <same size as paper>
* layoutoffset:(h,v)=(0.0pt,0.0pt)
* modes: 
* h-part:(L,W,R)=(72.26999pt, 469.75502pt, 72.26999pt)
* v-part:(T,H,B)=(72.26999pt, 650.43001pt, 72.26999pt)
* \paperwidth=614.295pt
* \paperheight=794.96999pt
* \textwidth=469.75502pt
* \textheight=650.43001pt
* \oddsidemargin=0.0pt
* \evensidemargin=0.0pt
* \topmargin=-37.0pt
* \headheight=12.0pt
* \headsep=25.0pt
* \topskip=11.0pt
* \footskip=30.0pt
* \marginparwidth=59.0pt
* \marginparsep=10.0pt
* \columnsep=10.0pt
* \skip\footins=10.0pt plus 4.0pt minus 2.0pt
* \hoffset=0.0pt
* \voffset=0.0pt
* \mag=1000
* \@twocolumnfalse
* \@twosidefalse
* \@mparswitchfalse
* \@reversemarginfalse
* (1in=72.27pt=25.4mm, 1cm=28.453pt)

(/home/claudio/.TinyTeX/texmf-dist/tex/latex/oberdiek/epstopdf-base.sty
Package: epstopdf-base 2016/05/15 v2.6 Base part for package epstopdf
(/home/claudio/.TinyTeX/texmf-dist/tex/latex/oberdiek/grfext.sty
Package: grfext 2016/05/16 v1.2 Manage graphics extensions (HO)
)
Package epstopdf-base Info: Redefining graphics rule for `.eps' on input line 4
38.
Package grfext Info: Graphics extension search list:
(grfext)             [.pdf,.png,.jpg,.mps,.jpeg,.jbig2,.jb2,.PDF,.PNG,.JPG,.JPE
G,.JBIG2,.JB2,.eps]
(grfext)             \AppendGraphicsExtensions on input line 456.
(/home/claudio/.TinyTeX/texmf-dist/tex/latex/latexconfig/epstopdf-sys.cfg
File: epstopdf-sys.cfg 2010/07/13 v1.3 Configuration of (r)epstopdf for TeX Liv
e
))
\AtBeginShipoutBox=\box49
Package hyperref Info: Link coloring ON on input line 175.
(/home/claudio/.TinyTeX/texmf-dist/tex/latex/hyperref/nameref.sty
Package: nameref 2019/09/16 v2.46 Cross-referencing by name of section
(/home/claudio/.TinyTeX/texmf-dist/tex/generic/oberdiek/gettitlestring.sty
Package: gettitlestring 2016/05/16 v1.5 Cleanup title references (HO)
)
\c@section@level=\count142
)
LaTeX Info: Redefining \ref on input line 175.
LaTeX Info: Redefining \pageref on input line 175.
LaTeX Info: Redefining \nameref on input line 175.
(./skeleton.out) (./skeleton.out)
\@outlinefile=\write4
\openout4 = `skeleton.out'.


Package xcolor Warning: Incompatible color definition on input line 223.

LaTeX Font Info:    Trying to load font information for T1+cmtt on input line 2
24.
(/home/claudio/.TinyTeX/texmf-dist/tex/latex/base/t1cmtt.fd
File: t1cmtt.fd 2014/09/29 v2.5h Standard LaTeX font definitions
)
LaTeX Font Info:    Font shape `T1/cmtt/bx/n' in size <10.95> not available
(Font)              Font shape `T1/cmtt/m/n' tried instead on input line 226.

Package xcolor Warning: Incompatible color definition on input line 233.


Package xcolor Warning: Incompatible color definition on input line 233.

LaTeX Font Info:    Font shape `T1/ppl/bx/n' in size <10.95> not available
(Font)              Font shape `T1/ppl/b/n' tried instead on input line 236.

Package xcolor Warning: Incompatible color definition on input line 246.


Package xcolor Warning: Incompatible color definition on input line 281.


Package xcolor Warning: Incompatible color definition on input line 281.


Package xcolor Warning: Incompatible color definition on input line 281.

[1

{/home/claudio/.TinyTeX/texmf-var/fonts/map/pdftex/updmap/pdftex.map}]

Package xcolor Warning: Incompatible color definition on input line 281.


Package xcolor Warning: Incompatible color definition on input line 281.


Package xcolor Warning: Incompatible color definition on input line 300.


Package xcolor Warning: Incompatible color definition on input line 305.


Package xcolor Warning: Incompatible color definition on input line 305.


Overfull \hbox (316.75854pt too wide) in paragraph at lines 315--315
[]\T1/cmtt/m/n/10.95 ## Reading layer `gadm36_UGA_0' from data source `/home/cl
audio/Dropbox/chicas/HAZ_uganda/data/geodata/gadm36_UGA.gpkg' using driver `GPK
G'[] 
 []


Package xcolor Warning: Incompatible color definition on input line 317.


Package xcolor Warning: Incompatible color definition on input line 354.


Package xcolor Warning: Incompatible color definition on input line 354.


Package xcolor Warning: Incompatible color definition on input line 354.

[2]

Package xcolor Warning: Incompatible color definition on input line 354.


Package xcolor Warning: Incompatible color definition on input line 354.


Package xcolor Warning: Incompatible color definition on input line 367.


Package xcolor Warning: Incompatible color definition on input line 380.


Package xcolor Warning: Incompatible color definition on input line 380.

<"skeleton_files/figure-latex/""individual_rel-1".pdf, id=45, 433.62pt x 216.81
pt>
File: "skeleton_files/figure-latex/""individual_rel-1".pdf Graphic file (type p
df)
<use "skeleton_files/figure-latex/""individual_rel-1".pdf>
Package pdftex.def Info: "skeleton_files/figure-latex/""individual_rel-1".pdf  
used on input line 384.
(pdftex.def)             Requested size: 433.63878pt x 216.81938pt.
[3]

Package xcolor Warning: Incompatible color definition on input line 391.


Package xcolor Warning: Incompatible color definition on input line 406.


Package xcolor Warning: Incompatible color definition on input line 406.

<"skeleton_files/figure-latex/""agevshaz-1".pdf, id=52, 469.755pt x 325.215pt>
File: "skeleton_files/figure-latex/""agevshaz-1".pdf Graphic file (type pdf)
<use "skeleton_files/figure-latex/""agevshaz-1".pdf>
Package pdftex.def Info: "skeleton_files/figure-latex/""agevshaz-1".pdf  used o
n input line 410.
(pdftex.def)             Requested size: 469.75386pt x 325.2142pt.
[4 <./skeleton_files/figure-latex/individual_rel-1.pdf>]

Package xcolor Warning: Incompatible color definition on input line 417.


Package xcolor Warning: Incompatible color definition on input line 428.


Package xcolor Warning: Incompatible color definition on input line 428.

LaTeX Font Info:    Trying to load font information for OT1+ppl on input line 4
34.
(/home/claudio/.TinyTeX/texmf-dist/tex/latex/psnfss/ot1ppl.fd
File: ot1ppl.fd 2001/06/04 font definitions for OT1/ppl.
)
LaTeX Font Info:    Trying to load font information for OML+zplm on input line 
434.
(/home/claudio/.TinyTeX/texmf-dist/tex/latex/psnfss/omlzplm.fd
File: omlzplm.fd 2002/09/08 Fontinst v1.914 font definitions for OML/zplm.
)
LaTeX Font Info:    Trying to load font information for OMS+zplm on input line 
434.
(/home/claudio/.TinyTeX/texmf-dist/tex/latex/psnfss/omszplm.fd
File: omszplm.fd 2002/09/08 Fontinst v1.914 font definitions for OMS/zplm.
)
LaTeX Font Info:    Trying to load font information for OMX+zplm on input line 
434.
(/home/claudio/.TinyTeX/texmf-dist/tex/latex/psnfss/omxzplm.fd
File: omxzplm.fd 2002/09/08 Fontinst v1.914 font definitions for OMX/zplm.
)
LaTeX Font Info:    Trying to load font information for OT1+zplm on input line 
434.
(/home/claudio/.TinyTeX/texmf-dist/tex/latex/psnfss/ot1zplm.fd
File: ot1zplm.fd 2002/09/08 Fontinst v1.914 font definitions for OT1/zplm.
)

Package xcolor Warning: Incompatible color definition on input line 445.

[5 <./skeleton_files/figure-latex/agevshaz-1.pdf>]

Package xcolor Warning: Incompatible color definition on input line 476.


Package xcolor Warning: Incompatible color definition on input line 476.

[6]

Package xcolor Warning: Incompatible color definition on input line 518.


Package xcolor Warning: Incompatible color definition on input line 532.


Package xcolor Warning: Incompatible color definition on input line 532.

<"skeleton_files/figure-latex/""mixed_model-1".pdf, id=91, 469.755pt x 325.215p
t>
File: "skeleton_files/figure-latex/""mixed_model-1".pdf Graphic file (type pdf)

<use "skeleton_files/figure-latex/""mixed_model-1".pdf>
Package pdftex.def Info: "skeleton_files/figure-latex/""mixed_model-1".pdf  use
d on input line 534.
(pdftex.def)             Requested size: 469.75386pt x 325.2142pt.

Overfull \hbox (16.99884pt too wide) in paragraph at lines 534--535
[][] 
 []

[7]

Package xcolor Warning: Incompatible color definition on input line 545.


Package xcolor Warning: Incompatible color definition on input line 556.


Package xcolor Warning: Incompatible color definition on input line 556.


Overfull \hbox (5.54814pt too wide) in paragraph at lines 597--597
[]\T1/cmtt/m/n/10.95 ##     ID.coords = haz$ID, kappa = 0.5, fixed.rel.nugget =
 0, start.cov.pars = c(15,[] 
 []

[8 <./skeleton_files/figure-latex/mixed_model-1.pdf>]

Package xcolor Warning: Incompatible color definition on input line 599.


Package xcolor Warning: Incompatible color definition on input line 604.


Package xcolor Warning: Incompatible color definition on input line 604.


Package xcolor Warning: Incompatible color definition on input line 609.


Package xcolor Warning: Incompatible color definition on input line 641.


Package xcolor Warning: Incompatible color definition on input line 641.


Package xcolor Warning: Incompatible color definition on input line 641.

[9]

Package xcolor Warning: Incompatible color definition on input line 641.


Package xcolor Warning: Incompatible color definition on input line 641.


Package xcolor Warning: Incompatible color definition on input line 649.


Package xcolor Warning: Incompatible color definition on input line 656.


Package xcolor Warning: Incompatible color definition on input line 656.


Package xcolor Warning: Incompatible color definition on input line 658.


Package xcolor Warning: Incompatible color definition on input line 674.


Package xcolor Warning: Incompatible color definition on input line 674.

<"skeleton_files/figure-latex/""maps-1".pdf, id=116, 469.755pt x 325.215pt>
File: "skeleton_files/figure-latex/""maps-1".pdf Graphic file (type pdf)
<use "skeleton_files/figure-latex/""maps-1".pdf>
Package pdftex.def Info: "skeleton_files/figure-latex/""maps-1".pdf  used on in
put line 676.
(pdftex.def)             Requested size: 469.75386pt x 325.2142pt.

Overfull \hbox (16.99884pt too wide) in paragraph at lines 676--677
[][] 
 []


Package xcolor Warning: Incompatible color definition on input line 678.

[10]

Package xcolor Warning: Incompatible color definition on input line 698.


Package xcolor Warning: Incompatible color definition on input line 698.

<"skeleton_files/figure-latex/""maps-2".pdf, id=121, 469.755pt x 325.215pt>
File: "skeleton_files/figure-latex/""maps-2".pdf Graphic file (type pdf)
<use "skeleton_files/figure-latex/""maps-2".pdf>
Package pdftex.def Info: "skeleton_files/figure-latex/""maps-2".pdf  used on in
put line 700.
(pdftex.def)             Requested size: 469.75386pt x 325.2142pt.

Overfull \hbox (16.99884pt too wide) in paragraph at lines 700--701
[][] 
 []

[11 <./skeleton_files/figure-latex/maps-1.pdf>] [12 <./skeleton_files/figure-la
tex/maps-2.pdf>]
No file skeleton.bbl.
Package atveryend Info: Empty hook `BeforeClearDocument' on input line 709.
Package atveryend Info: Empty hook `AfterLastShipout' on input line 709.
(./skeleton.aux)
Package atveryend Info: Executing hook `AtVeryEndDocument' on input line 709.
Package atveryend Info: Executing hook `AtEndAfterFileList' on input line 709.
Package rerunfilecheck Info: File `skeleton.out' has not changed.
(rerunfilecheck)             Checksum: B3D6138E3465B38668F1CA4BDBA91ECC;926.
Package atveryend Info: Empty hook `AtVeryVeryEnd' on input line 709.
 ) 
Here is how much of TeX's memory you used:
 13217 strings out of 494111
 184787 string characters out of 6173390
 298457 words of memory out of 5000000
 17079 multiletter control sequences out of 15000+600000
 19562 words of font info for 49 fonts, out of 8000000 for 9000
 14 hyphenation exceptions out of 8191
 41i,6n,37p,425b,463s stack positions out of 5000i,500n,10000p,200000b,80000s
{/home/claudio/.TinyTeX/texmf-dist/fonts/enc/dvips/base/8r.enc} </home/claudi
o/.TinyTeX/texmf-var/fonts/pk/ljfour/jknappen/ec/ectt1095.600pk> </home/claudio
/.TinyTeX/texmf-var/fonts/pk/ljfour/jknappen/ec/ecit1095.600pk></home/claudio/.
TinyTeX/texmf-dist/fonts/type1/public/amsfonts/cm/cmr10.pfb></home/claudio/.Tin
yTeX/texmf-dist/fonts/type1/public/mathpazo/fplmri.pfb></home/claudio/.TinyTeX/
texmf-dist/fonts/type1/urw/palatino/uplb8a.pfb></home/claudio/.TinyTeX/texmf-di
st/fonts/type1/urw/palatino/uplr8a.pfb></home/claudio/.TinyTeX/texmf-dist/fonts
/type1/urw/palatino/uplri8a.pfb>
Output written on skeleton.pdf (12 pages, 656945 bytes).
PDF statistics:
 341 PDF objects out of 1000 (max. 8388607)
 145 compressed objects within 2 object streams
 30 named destinations out of 1000 (max. 500000)
 74 words of extra memory for PDF output out of 10000 (max. 10000000)

